<?xml version="1.0" encoding="UTF-8"?>
<testng-results ignored="0" total="4" passed="4" failed="0" skipped="0">
  <reporter-output>
  </reporter-output>
  <suite started-at="2022-03-16T17:32:48Z" name="search-module" finished-at="2022-03-16T17:33:25Z" duration-ms="36846">
    <groups>
    </groups>
    <test started-at="2022-03-16T17:32:48Z" name="search-test-java" finished-at="2022-03-16T17:32:56Z" duration-ms="8042">
      <class name="com.searchmodule.tests.SearchTest">
        <test-method is-config="true" signature="setupDriver(org.testng.ITestContext)[pri:0, instance:com.searchmodule.tests.SearchTest@307f6b8c]" started-at="2022-03-16T17:32:48Z" name="setupDriver" finished-at="2022-03-16T17:32:52Z" duration-ms="3378" status="PASS">
          <params>
            <param index="0">
              <value>
                <![CDATA[org.testng.TestRunner@71e5f61d]]>
              </value>
            </param>
          </params>
          <reporter-output>
          </reporter-output>
        </test-method> <!-- setupDriver -->
        <test-method signature="search(java.lang.String)[pri:0, instance:com.searchmodule.tests.SearchTest@307f6b8c]" started-at="2022-03-16T17:32:52Z" name="search" finished-at="2022-03-16T17:32:56Z" duration-ms="4061" status="PASS">
          <params>
            <param index="0">
              <value>
                <![CDATA[java]]>
              </value>
            </param>
          </params>
          <reporter-output>
          </reporter-output>
        </test-method> <!-- search -->
        <test-method is-config="true" signature="quitDriver()[pri:0, instance:com.searchmodule.tests.SearchTest@307f6b8c]" started-at="2022-03-16T17:32:56Z" name="quitDriver" finished-at="2022-03-16T17:32:56Z" duration-ms="595" status="PASS">
          <reporter-output>
          </reporter-output>
        </test-method> <!-- quitDriver -->
      </class> <!-- com.searchmodule.tests.SearchTest -->
    </test> <!-- search-test-java -->
    <test started-at="2022-03-16T17:32:56Z" name="search-test-webdriver" finished-at="2022-03-16T17:33:05Z" duration-ms="8709">
      <class name="com.searchmodule.tests.SearchTest">
        <test-method is-config="true" signature="setupDriver(org.testng.ITestContext)[pri:0, instance:com.searchmodule.tests.SearchTest@59906517]" started-at="2022-03-16T17:32:56Z" name="setupDriver" finished-at="2022-03-16T17:33:00Z" duration-ms="4192" status="PASS">
          <params>
            <param index="0">
              <value>
                <![CDATA[org.testng.TestRunner@51df223b]]>
              </value>
            </param>
          </params>
          <reporter-output>
          </reporter-output>
        </test-method> <!-- setupDriver -->
        <test-method signature="search(java.lang.String)[pri:0, instance:com.searchmodule.tests.SearchTest@59906517]" started-at="2022-03-16T17:33:00Z" name="search" finished-at="2022-03-16T17:33:04Z" duration-ms="3914" status="PASS">
          <params>
            <param index="0">
              <value>
                <![CDATA[webdriver]]>
              </value>
            </param>
          </params>
          <reporter-output>
          </reporter-output>
        </test-method> <!-- search -->
        <test-method is-config="true" signature="quitDriver()[pri:0, instance:com.searchmodule.tests.SearchTest@59906517]" started-at="2022-03-16T17:33:04Z" name="quitDriver" finished-at="2022-03-16T17:33:05Z" duration-ms="603" status="PASS">
          <reporter-output>
          </reporter-output>
        </test-method> <!-- quitDriver -->
      </class> <!-- com.searchmodule.tests.SearchTest -->
    </test> <!-- search-test-webdriver -->
    <test started-at="2022-03-16T17:33:05Z" name="search-test-docker" finished-at="2022-03-16T17:33:15Z" duration-ms="9864">
      <class name="com.searchmodule.tests.SearchTest">
        <test-method is-config="true" signature="setupDriver(org.testng.ITestContext)[pri:0, instance:com.searchmodule.tests.SearchTest@27f723]" started-at="2022-03-16T17:33:05Z" name="setupDriver" finished-at="2022-03-16T17:33:11Z" duration-ms="5875" status="PASS">
          <params>
            <param index="0">
              <value>
                <![CDATA[org.testng.TestRunner@fd46303]]>
              </value>
            </param>
          </params>
          <reporter-output>
          </reporter-output>
        </test-method> <!-- setupDriver -->
        <test-method signature="search(java.lang.String)[pri:0, instance:com.searchmodule.tests.SearchTest@27f723]" started-at="2022-03-16T17:33:11Z" name="search" finished-at="2022-03-16T17:33:14Z" duration-ms="3423" status="PASS">
          <params>
            <param index="0">
              <value>
                <![CDATA[docker]]>
              </value>
            </param>
          </params>
          <reporter-output>
          </reporter-output>
        </test-method> <!-- search -->
        <test-method is-config="true" signature="quitDriver()[pri:0, instance:com.searchmodule.tests.SearchTest@27f723]" started-at="2022-03-16T17:33:14Z" name="quitDriver" finished-at="2022-03-16T17:33:15Z" duration-ms="565" status="PASS">
          <reporter-output>
          </reporter-output>
        </test-method> <!-- quitDriver -->
      </class> <!-- com.searchmodule.tests.SearchTest -->
    </test> <!-- search-test-docker -->
    <test started-at="2022-03-16T17:33:15Z" name="search-test-kubernetes" finished-at="2022-03-16T17:33:25Z" duration-ms="10162">
      <class name="com.searchmodule.tests.SearchTest">
        <test-method is-config="true" signature="setupDriver(org.testng.ITestContext)[pri:0, instance:com.searchmodule.tests.SearchTest@12f41634]" started-at="2022-03-16T17:33:15Z" name="setupDriver" finished-at="2022-03-16T17:33:21Z" duration-ms="5668" status="PASS">
          <params>
            <param index="0">
              <value>
                <![CDATA[org.testng.TestRunner@60d8c0dc]]>
              </value>
            </param>
          </params>
          <reporter-output>
          </reporter-output>
        </test-method> <!-- setupDriver -->
        <test-method signature="search(java.lang.String)[pri:0, instance:com.searchmodule.tests.SearchTest@12f41634]" started-at="2022-03-16T17:33:21Z" name="search" finished-at="2022-03-16T17:33:24Z" duration-ms="3917" status="PASS">
          <params>
            <param index="0">
              <value>
                <![CDATA[kubernetes]]>
              </value>
            </param>
          </params>
          <reporter-output>
          </reporter-output>
        </test-method> <!-- search -->
        <test-method is-config="true" signature="quitDriver()[pri:0, instance:com.searchmodule.tests.SearchTest@12f41634]" started-at="2022-03-16T17:33:24Z" name="quitDriver" finished-at="2022-03-16T17:33:25Z" duration-ms="577" status="PASS">
          <reporter-output>
          </reporter-output>
        </test-method> <!-- quitDriver -->
      </class> <!-- com.searchmodule.tests.SearchTest -->
    </test> <!-- search-test-kubernetes -->
  </suite> <!-- search-module -->
</testng-results>
