<?xml version="1.0" encoding="UTF-8"?>
<!-- Generated by org.testng.reporters.JUnitXMLReporter -->
<testsuite hostname="muhameds-mbp-2" ignored="0" name="book-flight-4" tests="5" failures="0" timestamp="14 Mar 2022 20:40:32 GMT" time="14.384" errors="0">
  <testcase name="registrationPage" time="3.539" classname="com.newtours.tests.BookFlightTest"/>
  <testcase name="registrationConfirmationPage" time="0.166" classname="com.newtours.tests.BookFlightTest"/>
  <testcase name="flightDetailsPage" time="1.474" classname="com.newtours.tests.BookFlightTest"/>
  <testcase name="findFlightPage" time="3.342" classname="com.newtours.tests.BookFlightTest"/>
  <testcase name="flightConfirmationPage" time="0.286" classname="com.newtours.tests.BookFlightTest"/>
</testsuite> <!-- book-flight-4 -->
