<?xml version="1.0" encoding="UTF-8"?>
<!-- Generated by org.testng.reporters.JUnitXMLReporter -->
<testsuite hostname="muhameds-mbp-2" ignored="0" name="book-flight-2" tests="5" failures="0" timestamp="14 Mar 2022 20:40:07 GMT" time="15.996" errors="0">
  <testcase name="registrationPage" time="8.377" classname="com.newtours.tests.BookFlightTest"/>
  <testcase name="registrationConfirmationPage" time="0.167" classname="com.newtours.tests.BookFlightTest"/>
  <testcase name="flightDetailsPage" time="1.546" classname="com.newtours.tests.BookFlightTest"/>
  <testcase name="findFlightPage" time="3.407" classname="com.newtours.tests.BookFlightTest"/>
  <testcase name="flightConfirmationPage" time="0.404" classname="com.newtours.tests.BookFlightTest"/>
</testsuite> <!-- book-flight-2 -->
