<?xml version="1.0" encoding="UTF-8"?>
<!-- Generated by org.testng.reporters.JUnitXMLReporter -->
<testsuite hostname="muhameds-mbp-2" ignored="0" name="book-flight-3" tests="5" failures="0" timestamp="14 Mar 2022 20:40:18 GMT" time="10.469" errors="0">
  <testcase name="registrationPage" time="4.187" classname="com.newtours.tests.BookFlightTest"/>
  <testcase name="registrationConfirmationPage" time="0.156" classname="com.newtours.tests.BookFlightTest"/>
  <testcase name="flightDetailsPage" time="1.479" classname="com.newtours.tests.BookFlightTest"/>
  <testcase name="findFlightPage" time="3.38" classname="com.newtours.tests.BookFlightTest"/>
  <testcase name="flightConfirmationPage" time="0.264" classname="com.newtours.tests.BookFlightTest"/>
</testsuite> <!-- book-flight-3 -->
